<?xml version="1.0" encoding="UTF-8"?>
<coverage generated="1429090700">
  <project timestamp="1429090700">
    <package name="SMSFactory\Aware\ClientProviders">
      <file name="/Users/stanislavmenshykh/phalcon.local/vendor/stanislav-web/phalcon-sms-factory/src/SMSFactory/Aware/ClientProviders/CurlTrait.php">
        <class name="CurlTrait" namespace="SMSFactory\Aware\ClientProviders" fullPackage="SMSFactory.SMSFactory" package="SMSFactory" subpackage="SMSFactory">
          <metrics methods="2" coveredmethods="2" conditionals="0" coveredconditionals="0" statements="3" coveredstatements="3" elements="5" coveredelements="5"/>
        </class>
        <line num="31" type="method" name="debug" crap="2" count="8"/>
        <line num="33" type="stmt" count="8"/>
        <line num="35" type="stmt" count="8"/>
        <line num="44" type="method" name="client" crap="1" count="24"/>
        <line num="46" type="stmt" count="24"/>
        <metrics loc="47" ncloc="21" classes="1" methods="2" coveredmethods="2" conditionals="0" coveredconditionals="0" statements="3" coveredstatements="3" elements="5" coveredelements="5"/>
      </file>
      <file name="/Users/stanislavmenshykh/phalcon.local/vendor/stanislav-web/phalcon-sms-factory/src/SMSFactory/Aware/ClientProviders/StreamTrait.php">
        <class name="StreamTrait" namespace="SMSFactory\Aware\ClientProviders" fullPackage="SMSFactory.SMSFactory" package="SMSFactory" subpackage="SMSFactory">
          <metrics methods="2" coveredmethods="0" conditionals="0" coveredconditionals="0" statements="3" coveredstatements="0" elements="5" coveredelements="0"/>
        </class>
        <line num="31" type="method" name="debug" crap="6" count="0"/>
        <line num="33" type="stmt" count="0"/>
        <line num="35" type="stmt" count="0"/>
        <line num="43" type="method" name="client" crap="2" count="0"/>
        <line num="45" type="stmt" count="0"/>
        <metrics loc="46" ncloc="21" classes="1" methods="2" coveredmethods="0" conditionals="0" coveredconditionals="0" statements="3" coveredstatements="0" elements="5" coveredelements="0"/>
      </file>
    </package>
    <package name="SMSFactory\Aware">
      <file name="/Users/stanislavmenshykh/phalcon.local/vendor/stanislav-web/phalcon-sms-factory/src/SMSFactory/Aware/Provider.php">
        <class name="Provider" namespace="SMSFactory\Aware" fullPackage="SMSFactory.SMSFactory" package="SMSFactory" subpackage="SMSFactory">
          <metrics methods="0" coveredmethods="0" conditionals="0" coveredconditionals="0" statements="0" coveredstatements="0" elements="0" coveredelements="0"/>
        </class>
        <metrics loc="32" ncloc="11" classes="1" methods="0" coveredmethods="0" conditionals="0" coveredconditionals="0" statements="0" coveredstatements="0" elements="0" coveredelements="0"/>
      </file>
    </package>
    <file name="/Users/stanislavmenshykh/phalcon.local/vendor/stanislav-web/phalcon-sms-factory/src/SMSFactory/Aware/ProviderConfigInterface.php">
      <metrics loc="49" ncloc="15" classes="0" methods="0" coveredmethods="0" conditionals="0" coveredconditionals="0" statements="0" coveredstatements="0" elements="0" coveredelements="0"/>
    </file>
    <file name="/Users/stanislavmenshykh/phalcon.local/vendor/stanislav-web/phalcon-sms-factory/src/SMSFactory/Aware/ProviderInterface.php">
      <metrics loc="51" ncloc="15" classes="0" methods="0" coveredmethods="0" conditionals="0" coveredconditionals="0" statements="0" coveredstatements="0" elements="0" coveredelements="0"/>
    </file>
    <package name="SMSFactory\Config">
      <file name="/Users/stanislavmenshykh/phalcon.local/vendor/stanislav-web/phalcon-sms-factory/src/SMSFactory/Config/BulkSMS.php">
        <class name="BulkSMS" namespace="SMSFactory\Config" fullPackage="SMSFactory.Config" package="SMSFactory" subpackage="Config">
          <metrics methods="5" coveredmethods="5" conditionals="0" coveredconditionals="0" statements="11" coveredstatements="11" elements="16" coveredelements="16"/>
        </class>
        <line num="48" type="method" name="__construct" crap="1" count="3"/>
        <line num="51" type="stmt" count="3"/>
        <line num="52" type="stmt" count="3"/>
        <line num="59" type="method" name="getMessageUri" crap="2" count="2"/>
        <line num="62" type="stmt" count="2"/>
        <line num="63" type="stmt" count="2"/>
        <line num="71" type="method" name="getBalanceUri" crap="2" count="1"/>
        <line num="74" type="stmt" count="1"/>
        <line num="75" type="stmt" count="1"/>
        <line num="83" type="method" name="getRequestMethod" crap="2" count="3"/>
        <line num="86" type="stmt" count="3"/>
        <line num="87" type="stmt" count="3"/>
        <line num="96" type="method" name="getProviderConfig" crap="2" count="3"/>
        <line num="99" type="stmt" count="3"/>
        <line num="100" type="stmt" count="2"/>
        <line num="103" type="stmt" count="1"/>
        <metrics loc="105" ncloc="52" classes="1" methods="5" coveredmethods="5" conditionals="0" coveredconditionals="0" statements="11" coveredstatements="11" elements="16" coveredelements="16"/>
      </file>
      <file name="/Users/stanislavmenshykh/phalcon.local/vendor/stanislav-web/phalcon-sms-factory/src/SMSFactory/Config/Clickatell.php">
        <class name="Clickatell" namespace="SMSFactory\Config" fullPackage="SMSFactory.SMSFactory" package="SMSFactory" subpackage="SMSFactory">
          <metrics methods="5" coveredmethods="5" conditionals="0" coveredconditionals="0" statements="11" coveredstatements="11" elements="16" coveredelements="16"/>
        </class>
        <line num="48" type="method" name="__construct" crap="1" count="3"/>
        <line num="51" type="stmt" count="3"/>
        <line num="52" type="stmt" count="3"/>
        <line num="59" type="method" name="getMessageUri" crap="2" count="2"/>
        <line num="62" type="stmt" count="2"/>
        <line num="63" type="stmt" count="2"/>
        <line num="71" type="method" name="getBalanceUri" crap="2" count="1"/>
        <line num="74" type="stmt" count="1"/>
        <line num="75" type="stmt" count="1"/>
        <line num="83" type="method" name="getRequestMethod" crap="2" count="3"/>
        <line num="86" type="stmt" count="3"/>
        <line num="87" type="stmt" count="3"/>
        <line num="96" type="method" name="getProviderConfig" crap="2" count="3"/>
        <line num="99" type="stmt" count="3"/>
        <line num="100" type="stmt" count="2"/>
        <line num="103" type="stmt" count="1"/>
        <metrics loc="106" ncloc="53" classes="1" methods="5" coveredmethods="5" conditionals="0" coveredconditionals="0" statements="11" coveredstatements="11" elements="16" coveredelements="16"/>
      </file>
      <file name="/Users/stanislavmenshykh/phalcon.local/vendor/stanislav-web/phalcon-sms-factory/src/SMSFactory/Config/MessageBird.php">
        <class name="MessageBird" namespace="SMSFactory\Config" fullPackage="SMSFactory.SMSFactory" package="SMSFactory" subpackage="SMSFactory">
          <metrics methods="5" coveredmethods="5" conditionals="0" coveredconditionals="0" statements="11" coveredstatements="11" elements="16" coveredelements="16"/>
        </class>
        <line num="48" type="method" name="__construct" crap="1" count="3"/>
        <line num="51" type="stmt" count="3"/>
        <line num="52" type="stmt" count="3"/>
        <line num="59" type="method" name="getMessageUri" crap="2" count="2"/>
        <line num="61" type="stmt" count="2"/>
        <line num="62" type="stmt" count="2"/>
        <line num="70" type="method" name="getBalanceUri" crap="2" count="1"/>
        <line num="73" type="stmt" count="1"/>
        <line num="74" type="stmt" count="1"/>
        <line num="82" type="method" name="getRequestMethod" crap="2" count="3"/>
        <line num="85" type="stmt" count="3"/>
        <line num="86" type="stmt" count="3"/>
        <line num="95" type="method" name="getProviderConfig" crap="2" count="3"/>
        <line num="98" type="stmt" count="3"/>
        <line num="99" type="stmt" count="2"/>
        <line num="102" type="stmt" count="1"/>
        <metrics loc="105" ncloc="52" classes="1" methods="5" coveredmethods="5" conditionals="0" coveredconditionals="0" statements="11" coveredstatements="11" elements="16" coveredelements="16"/>
      </file>
      <file name="/Users/stanislavmenshykh/phalcon.local/vendor/stanislav-web/phalcon-sms-factory/src/SMSFactory/Config/Nexmo.php">
        <class name="Nexmo" namespace="SMSFactory\Config" fullPackage="SMSFactory.SMSFactory" package="SMSFactory" subpackage="SMSFactory">
          <metrics methods="5" coveredmethods="5" conditionals="0" coveredconditionals="0" statements="11" coveredstatements="11" elements="16" coveredelements="16"/>
        </class>
        <line num="48" type="method" name="__construct" crap="1" count="3"/>
        <line num="51" type="stmt" count="3"/>
        <line num="52" type="stmt" count="3"/>
        <line num="59" type="method" name="getMessageUri" crap="2" count="2"/>
        <line num="62" type="stmt" count="2"/>
        <line num="63" type="stmt" count="2"/>
        <line num="71" type="method" name="getBalanceUri" crap="2" count="1"/>
        <line num="74" type="stmt" count="1"/>
        <line num="75" type="stmt" count="1"/>
        <line num="83" type="method" name="getRequestMethod" crap="2" count="3"/>
        <line num="86" type="stmt" count="3"/>
        <line num="87" type="stmt" count="3"/>
        <line num="96" type="method" name="getProviderConfig" crap="2" count="3"/>
        <line num="99" type="stmt" count="3"/>
        <line num="100" type="stmt" count="2"/>
        <line num="103" type="stmt" count="1"/>
        <metrics loc="106" ncloc="53" classes="1" methods="5" coveredmethods="5" conditionals="0" coveredconditionals="0" statements="11" coveredstatements="11" elements="16" coveredelements="16"/>
      </file>
      <file name="/Users/stanislavmenshykh/phalcon.local/vendor/stanislav-web/phalcon-sms-factory/src/SMSFactory/Config/SMSC.php">
        <class name="SMSC" namespace="SMSFactory\Config" fullPackage="SMSFactory.SMSFactory" package="SMSFactory" subpackage="SMSFactory">
          <metrics methods="5" coveredmethods="5" conditionals="0" coveredconditionals="0" statements="11" coveredstatements="11" elements="16" coveredelements="16"/>
        </class>
        <line num="48" type="method" name="__construct" crap="1" count="3"/>
        <line num="51" type="stmt" count="3"/>
        <line num="52" type="stmt" count="3"/>
        <line num="59" type="method" name="getMessageUri" crap="2" count="2"/>
        <line num="62" type="stmt" count="2"/>
        <line num="63" type="stmt" count="2"/>
        <line num="71" type="method" name="getBalanceUri" crap="2" count="1"/>
        <line num="74" type="stmt" count="1"/>
        <line num="75" type="stmt" count="1"/>
        <line num="83" type="method" name="getRequestMethod" crap="2" count="3"/>
        <line num="86" type="stmt" count="3"/>
        <line num="87" type="stmt" count="3"/>
        <line num="96" type="method" name="getProviderConfig" crap="2" count="3"/>
        <line num="99" type="stmt" count="3"/>
        <line num="100" type="stmt" count="2"/>
        <line num="103" type="stmt" count="1"/>
        <metrics loc="106" ncloc="53" classes="1" methods="5" coveredmethods="5" conditionals="0" coveredconditionals="0" statements="11" coveredstatements="11" elements="16" coveredelements="16"/>
      </file>
      <file name="/Users/stanislavmenshykh/phalcon.local/vendor/stanislav-web/phalcon-sms-factory/src/SMSFactory/Config/SMSRu.php">
        <class name="SMSRu" namespace="SMSFactory\Config" fullPackage="SMSFactory.SMSFactory" package="SMSFactory" subpackage="SMSFactory">
          <metrics methods="5" coveredmethods="5" conditionals="0" coveredconditionals="0" statements="11" coveredstatements="11" elements="16" coveredelements="16"/>
        </class>
        <line num="74" type="method" name="__construct" crap="1" count="3"/>
        <line num="76" type="stmt" count="3"/>
        <line num="77" type="stmt" count="3"/>
        <line num="84" type="method" name="getMessageUri" crap="2" count="2"/>
        <line num="87" type="stmt" count="2"/>
        <line num="88" type="stmt" count="2"/>
        <line num="96" type="method" name="getBalanceUri" crap="2" count="1"/>
        <line num="99" type="stmt" count="1"/>
        <line num="100" type="stmt" count="1"/>
        <line num="108" type="method" name="getRequestMethod" crap="2" count="3"/>
        <line num="111" type="stmt" count="3"/>
        <line num="112" type="stmt" count="3"/>
        <line num="121" type="method" name="getProviderConfig" crap="2" count="3"/>
        <line num="124" type="stmt" count="3"/>
        <line num="125" type="stmt" count="2"/>
        <line num="128" type="stmt" count="1"/>
        <metrics loc="131" ncloc="73" classes="1" methods="5" coveredmethods="5" conditionals="0" coveredconditionals="0" statements="11" coveredstatements="11" elements="16" coveredelements="16"/>
      </file>
      <file name="/Users/stanislavmenshykh/phalcon.local/vendor/stanislav-web/phalcon-sms-factory/src/SMSFactory/Config/SmsAero.php">
        <class name="SmsAero" namespace="SMSFactory\Config" fullPackage="SMSFactory.SMSFactory" package="SMSFactory" subpackage="SMSFactory">
          <metrics methods="5" coveredmethods="5" conditionals="0" coveredconditionals="0" statements="12" coveredstatements="12" elements="17" coveredelements="17"/>
        </class>
        <line num="48" type="method" name="__construct" crap="1" count="3"/>
        <line num="51" type="stmt" count="3"/>
        <line num="52" type="stmt" count="3"/>
        <line num="59" type="method" name="getMessageUri" crap="2" count="2"/>
        <line num="62" type="stmt" count="2"/>
        <line num="63" type="stmt" count="2"/>
        <line num="71" type="method" name="getBalanceUri" crap="2" count="1"/>
        <line num="74" type="stmt" count="1"/>
        <line num="75" type="stmt" count="1"/>
        <line num="83" type="method" name="getRequestMethod" crap="2" count="3"/>
        <line num="86" type="stmt" count="3"/>
        <line num="87" type="stmt" count="3"/>
        <line num="96" type="method" name="getProviderConfig" crap="2" count="3"/>
        <line num="98" type="stmt" count="3"/>
        <line num="99" type="stmt" count="2"/>
        <line num="100" type="stmt" count="2"/>
        <line num="103" type="stmt" count="1"/>
        <metrics loc="106" ncloc="53" classes="1" methods="5" coveredmethods="5" conditionals="0" coveredconditionals="0" statements="12" coveredstatements="12" elements="17" coveredelements="17"/>
      </file>
      <file name="/Users/stanislavmenshykh/phalcon.local/vendor/stanislav-web/phalcon-sms-factory/src/SMSFactory/Config/SmsUkraine.php">
        <class name="SmsUkraine" namespace="SMSFactory\Config" fullPackage="SMSFactory.SMSFactory" package="SMSFactory" subpackage="SMSFactory">
          <metrics methods="5" coveredmethods="5" conditionals="0" coveredconditionals="0" statements="11" coveredstatements="11" elements="16" coveredelements="16"/>
        </class>
        <line num="48" type="method" name="__construct" crap="1" count="3"/>
        <line num="51" type="stmt" count="3"/>
        <line num="52" type="stmt" count="3"/>
        <line num="59" type="method" name="getMessageUri" crap="2" count="2"/>
        <line num="62" type="stmt" count="2"/>
        <line num="63" type="stmt" count="2"/>
        <line num="71" type="method" name="getBalanceUri" crap="2" count="1"/>
        <line num="74" type="stmt" count="1"/>
        <line num="75" type="stmt" count="1"/>
        <line num="83" type="method" name="getRequestMethod" crap="2" count="3"/>
        <line num="86" type="stmt" count="3"/>
        <line num="87" type="stmt" count="3"/>
        <line num="96" type="method" name="getProviderConfig" crap="2" count="3"/>
        <line num="99" type="stmt" count="3"/>
        <line num="100" type="stmt" count="2"/>
        <line num="103" type="stmt" count="1"/>
        <metrics loc="106" ncloc="53" classes="1" methods="5" coveredmethods="5" conditionals="0" coveredconditionals="0" statements="11" coveredstatements="11" elements="16" coveredelements="16"/>
      </file>
    </package>
    <package name="SMSFactory\Exceptions">
      <file name="/Users/stanislavmenshykh/phalcon.local/vendor/stanislav-web/phalcon-sms-factory/src/SMSFactory/Exceptions/BaseException.php">
        <class name="BaseException" namespace="SMSFactory\Exceptions" fullPackage="SMSFactory.Exceptions" package="SMSFactory" subpackage="Exceptions">
          <metrics methods="1" coveredmethods="1" conditionals="0" coveredconditionals="0" statements="5" coveredstatements="5" elements="6" coveredelements="6"/>
        </class>
        <line num="29" type="method" name="__construct" crap="2" count="16"/>
        <line num="31" type="stmt" count="16"/>
        <line num="32" type="stmt" count="8"/>
        <line num="33" type="stmt" count="8"/>
        <line num="34" type="stmt" count="16"/>
        <line num="35" type="stmt" count="16"/>
        <metrics loc="35" ncloc="15" classes="1" methods="1" coveredmethods="1" conditionals="0" coveredconditionals="0" statements="5" coveredstatements="5" elements="6" coveredelements="6"/>
      </file>
    </package>
    <package name="SMSFactory\Providers">
      <file name="/Users/stanislavmenshykh/phalcon.local/vendor/stanislav-web/phalcon-sms-factory/src/SMSFactory/Providers/BulkSMS.php">
        <class name="BulkSMS" namespace="SMSFactory\Providers" fullPackage="SMSFactory.SMSFactory" package="SMSFactory" subpackage="SMSFactory">
          <metrics methods="5" coveredmethods="5" conditionals="0" coveredconditionals="0" statements="18" coveredstatements="18" elements="23" coveredelements="23"/>
        </class>
        <line num="46" type="method" name="__construct" crap="1" count="3"/>
        <line num="49" type="stmt" count="3"/>
        <line num="50" type="stmt" count="3"/>
        <line num="58" type="method" name="setRecipient" crap="1" count="2"/>
        <line num="60" type="stmt" count="2"/>
        <line num="62" type="stmt" count="2"/>
        <line num="73" type="method" name="getResponse" crap="3" count="2"/>
        <line num="76" type="stmt" count="2"/>
        <line num="78" type="stmt" count="2"/>
        <line num="79" type="stmt" count="1"/>
        <line num="82" type="stmt" count="1"/>
        <line num="91" type="method" name="send" crap="1" count="2"/>
        <line num="95" type="stmt" count="2"/>
        <line num="96" type="stmt" count="2"/>
        <line num="97" type="stmt" count="1"/>
        <line num="98" type="stmt" count="1"/>
        <line num="99" type="stmt" count="1"/>
        <line num="100" type="stmt" count="1"/>
        <line num="103" type="stmt" count="1"/>
        <line num="112" type="method" name="balance" crap="1" count="1"/>
        <line num="116" type="stmt" count="1"/>
        <line num="117" type="stmt" count="1"/>
        <line num="120" type="stmt" count="1"/>
        <metrics loc="122" ncloc="53" classes="1" methods="5" coveredmethods="5" conditionals="0" coveredconditionals="0" statements="18" coveredstatements="18" elements="23" coveredelements="23"/>
      </file>
      <file name="/Users/stanislavmenshykh/phalcon.local/vendor/stanislav-web/phalcon-sms-factory/src/SMSFactory/Providers/Clickatell.php">
        <class name="Clickatell" namespace="SMSFactory\Providers" fullPackage="SMSFactory.SMSFactory" package="SMSFactory" subpackage="SMSFactory">
          <metrics methods="5" coveredmethods="5" conditionals="0" coveredconditionals="0" statements="18" coveredstatements="18" elements="23" coveredelements="23"/>
        </class>
        <line num="46" type="method" name="__construct" crap="1" count="3"/>
        <line num="49" type="stmt" count="3"/>
        <line num="50" type="stmt" count="3"/>
        <line num="58" type="method" name="setRecipient" crap="1" count="2"/>
        <line num="60" type="stmt" count="2"/>
        <line num="62" type="stmt" count="2"/>
        <line num="73" type="method" name="getResponse" crap="3" count="2"/>
        <line num="76" type="stmt" count="2"/>
        <line num="79" type="stmt" count="1"/>
        <line num="81" type="stmt" count="1"/>
        <line num="84" type="stmt" count="1"/>
        <line num="93" type="method" name="send" crap="1" count="2"/>
        <line num="97" type="stmt" count="2"/>
        <line num="98" type="stmt" count="2"/>
        <line num="99" type="stmt" count="1"/>
        <line num="100" type="stmt" count="1"/>
        <line num="101" type="stmt" count="1"/>
        <line num="102" type="stmt" count="1"/>
        <line num="105" type="stmt" count="1"/>
        <line num="114" type="method" name="balance" crap="1" count="1"/>
        <line num="118" type="stmt" count="1"/>
        <line num="119" type="stmt" count="1"/>
        <line num="122" type="stmt" count="1"/>
        <metrics loc="124" ncloc="53" classes="1" methods="5" coveredmethods="5" conditionals="0" coveredconditionals="0" statements="18" coveredstatements="18" elements="23" coveredelements="23"/>
      </file>
      <file name="/Users/stanislavmenshykh/phalcon.local/vendor/stanislav-web/phalcon-sms-factory/src/SMSFactory/Providers/MessageBird.php">
        <class name="MessageBird" namespace="SMSFactory\Providers" fullPackage="SMSFactory.SMSFactory" package="SMSFactory" subpackage="SMSFactory">
          <metrics methods="5" coveredmethods="5" conditionals="0" coveredconditionals="0" statements="20" coveredstatements="20" elements="25" coveredelements="25"/>
        </class>
        <line num="46" type="method" name="__construct" crap="1" count="3"/>
        <line num="49" type="stmt" count="3"/>
        <line num="50" type="stmt" count="3"/>
        <line num="58" type="method" name="setRecipient" crap="1" count="2"/>
        <line num="60" type="stmt" count="2"/>
        <line num="62" type="stmt" count="2"/>
        <line num="72" type="method" name="getResponse" crap="4" count="2"/>
        <line num="75" type="stmt" count="2"/>
        <line num="77" type="stmt" count="2"/>
        <line num="79" type="stmt" count="1"/>
        <line num="82" type="stmt" count="1"/>
        <line num="91" type="method" name="send" crap="1" count="2"/>
        <line num="95" type="stmt" count="2"/>
        <line num="96" type="stmt" count="2"/>
        <line num="97" type="stmt" count="1"/>
        <line num="98" type="stmt" count="1"/>
        <line num="99" type="stmt" count="1"/>
        <line num="100" type="stmt" count="1"/>
        <line num="103" type="stmt" count="1"/>
        <line num="112" type="method" name="balance" crap="1" count="1"/>
        <line num="115" type="stmt" count="1"/>
        <line num="116" type="stmt" count="1"/>
        <line num="117" type="stmt" count="1"/>
        <line num="118" type="stmt" count="1"/>
        <line num="121" type="stmt" count="1"/>
        <metrics loc="123" ncloc="55" classes="1" methods="5" coveredmethods="5" conditionals="0" coveredconditionals="0" statements="20" coveredstatements="20" elements="25" coveredelements="25"/>
      </file>
      <file name="/Users/stanislavmenshykh/phalcon.local/vendor/stanislav-web/phalcon-sms-factory/src/SMSFactory/Providers/Nexmo.php">
        <class name="Nexmo" namespace="SMSFactory\Providers" fullPackage="SMSFactory.SMSFactory" package="SMSFactory" subpackage="SMSFactory">
          <metrics methods="5" coveredmethods="4" conditionals="0" coveredconditionals="0" statements="20" coveredstatements="19" elements="25" coveredelements="23"/>
        </class>
        <line num="46" type="method" name="__construct" crap="1" count="3"/>
        <line num="49" type="stmt" count="3"/>
        <line num="50" type="stmt" count="3"/>
        <line num="58" type="method" name="setRecipient" crap="1" count="2"/>
        <line num="60" type="stmt" count="2"/>
        <line num="62" type="stmt" count="2"/>
        <line num="72" type="method" name="getResponse" crap="4.07" count="2"/>
        <line num="76" type="stmt" count="2"/>
        <line num="78" type="stmt" count="2"/>
        <line num="79" type="stmt" count="1"/>
        <line num="82" type="stmt" count="1"/>
        <line num="83" type="stmt" count="0"/>
        <line num="85" type="stmt" count="1"/>
        <line num="94" type="method" name="send" crap="1" count="2"/>
        <line num="98" type="stmt" count="2"/>
        <line num="99" type="stmt" count="2"/>
        <line num="100" type="stmt" count="1"/>
        <line num="101" type="stmt" count="1"/>
        <line num="102" type="stmt" count="1"/>
        <line num="103" type="stmt" count="1"/>
        <line num="106" type="stmt" count="1"/>
        <line num="115" type="method" name="balance" crap="1" count="1"/>
        <line num="119" type="stmt" count="1"/>
        <line num="120" type="stmt" count="1"/>
        <line num="123" type="stmt" count="1"/>
        <metrics loc="125" ncloc="57" classes="1" methods="5" coveredmethods="4" conditionals="0" coveredconditionals="0" statements="20" coveredstatements="19" elements="25" coveredelements="23"/>
      </file>
      <file name="/Users/stanislavmenshykh/phalcon.local/vendor/stanislav-web/phalcon-sms-factory/src/SMSFactory/Providers/SMSC.php">
        <class name="SMSC" namespace="SMSFactory\Providers" fullPackage="SMSFactory.SMSFactory" package="SMSFactory" subpackage="SMSFactory">
          <metrics methods="5" coveredmethods="5" conditionals="0" coveredconditionals="0" statements="18" coveredstatements="18" elements="23" coveredelements="23"/>
        </class>
        <line num="46" type="method" name="__construct" crap="1" count="3"/>
        <line num="49" type="stmt" count="3"/>
        <line num="50" type="stmt" count="3"/>
        <line num="58" type="method" name="setRecipient" crap="1" count="2"/>
        <line num="60" type="stmt" count="2"/>
        <line num="62" type="stmt" count="2"/>
        <line num="72" type="method" name="getResponse" crap="3" count="2"/>
        <line num="75" type="stmt" count="2"/>
        <line num="77" type="stmt" count="2"/>
        <line num="79" type="stmt" count="1"/>
        <line num="82" type="stmt" count="1"/>
        <line num="91" type="method" name="send" crap="1" count="2"/>
        <line num="95" type="stmt" count="2"/>
        <line num="96" type="stmt" count="2"/>
        <line num="97" type="stmt" count="1"/>
        <line num="98" type="stmt" count="1"/>
        <line num="99" type="stmt" count="1"/>
        <line num="100" type="stmt" count="1"/>
        <line num="103" type="stmt" count="1"/>
        <line num="112" type="method" name="balance" crap="1" count="1"/>
        <line num="116" type="stmt" count="1"/>
        <line num="117" type="stmt" count="1"/>
        <line num="120" type="stmt" count="1"/>
        <metrics loc="122" ncloc="54" classes="1" methods="5" coveredmethods="5" conditionals="0" coveredconditionals="0" statements="18" coveredstatements="18" elements="23" coveredelements="23"/>
      </file>
      <file name="/Users/stanislavmenshykh/phalcon.local/vendor/stanislav-web/phalcon-sms-factory/src/SMSFactory/Providers/SMSRu.php">
        <class name="SMSRu" namespace="SMSFactory\Providers" fullPackage="SMSFactory.SMSFactory" package="SMSFactory" subpackage="SMSFactory">
          <metrics methods="5" coveredmethods="5" conditionals="0" coveredconditionals="0" statements="18" coveredstatements="18" elements="23" coveredelements="23"/>
        </class>
        <line num="46" type="method" name="__construct" crap="1" count="3"/>
        <line num="49" type="stmt" count="3"/>
        <line num="50" type="stmt" count="3"/>
        <line num="58" type="method" name="setRecipient" crap="1" count="2"/>
        <line num="60" type="stmt" count="2"/>
        <line num="62" type="stmt" count="2"/>
        <line num="71" type="method" name="getResponse" crap="4" count="2"/>
        <line num="73" type="stmt" count="2"/>
        <line num="75" type="stmt" count="1"/>
        <line num="77" type="stmt" count="1"/>
        <line num="78" type="stmt" count="1"/>
        <line num="87" type="method" name="send" crap="1" count="2"/>
        <line num="90" type="stmt" count="2"/>
        <line num="91" type="stmt" count="2"/>
        <line num="92" type="stmt" count="1"/>
        <line num="93" type="stmt" count="1"/>
        <line num="94" type="stmt" count="1"/>
        <line num="95" type="stmt" count="1"/>
        <line num="98" type="stmt" count="1"/>
        <line num="107" type="method" name="balance" crap="1" count="1"/>
        <line num="111" type="stmt" count="1"/>
        <line num="112" type="stmt" count="1"/>
        <line num="115" type="stmt" count="1"/>
        <metrics loc="117" ncloc="52" classes="1" methods="5" coveredmethods="5" conditionals="0" coveredconditionals="0" statements="18" coveredstatements="18" elements="23" coveredelements="23"/>
      </file>
      <file name="/Users/stanislavmenshykh/phalcon.local/vendor/stanislav-web/phalcon-sms-factory/src/SMSFactory/Providers/SmsAero.php">
        <class name="SmsAero" namespace="SMSFactory\Providers" fullPackage="SMSFactory.SMSFactory" package="SMSFactory" subpackage="SMSFactory">
          <metrics methods="5" coveredmethods="5" conditionals="0" coveredconditionals="0" statements="17" coveredstatements="17" elements="22" coveredelements="22"/>
        </class>
        <line num="46" type="method" name="__construct" crap="1" count="3"/>
        <line num="49" type="stmt" count="3"/>
        <line num="50" type="stmt" count="3"/>
        <line num="58" type="method" name="setRecipient" crap="1" count="2"/>
        <line num="60" type="stmt" count="2"/>
        <line num="62" type="stmt" count="2"/>
        <line num="72" type="method" name="getResponse" crap="4" count="2"/>
        <line num="74" type="stmt" count="2"/>
        <line num="75" type="stmt" count="1"/>
        <line num="78" type="stmt" count="1"/>
        <line num="87" type="method" name="send" crap="1" count="2"/>
        <line num="91" type="stmt" count="2"/>
        <line num="92" type="stmt" count="2"/>
        <line num="93" type="stmt" count="1"/>
        <line num="94" type="stmt" count="1"/>
        <line num="95" type="stmt" count="1"/>
        <line num="96" type="stmt" count="1"/>
        <line num="99" type="stmt" count="1"/>
        <line num="108" type="method" name="balance" crap="1" count="1"/>
        <line num="111" type="stmt" count="1"/>
        <line num="112" type="stmt" count="1"/>
        <line num="115" type="stmt" count="1"/>
        <metrics loc="117" ncloc="51" classes="1" methods="5" coveredmethods="5" conditionals="0" coveredconditionals="0" statements="17" coveredstatements="17" elements="22" coveredelements="22"/>
      </file>
      <file name="/Users/stanislavmenshykh/phalcon.local/vendor/stanislav-web/phalcon-sms-factory/src/SMSFactory/Providers/SmsUkraine.php">
        <class name="SmsUkraine" namespace="SMSFactory\Providers" fullPackage="SMSFactory.SMSFactory" package="SMSFactory" subpackage="SMSFactory">
          <metrics methods="5" coveredmethods="5" conditionals="0" coveredconditionals="0" statements="22" coveredstatements="22" elements="27" coveredelements="27"/>
        </class>
        <line num="46" type="method" name="__construct" crap="1" count="3"/>
        <line num="49" type="stmt" count="3"/>
        <line num="50" type="stmt" count="3"/>
        <line num="58" type="method" name="setRecipient" crap="1" count="2"/>
        <line num="60" type="stmt" count="2"/>
        <line num="62" type="stmt" count="2"/>
        <line num="72" type="method" name="getResponse" crap="3" count="2"/>
        <line num="75" type="stmt" count="2"/>
        <line num="78" type="stmt" count="1"/>
        <line num="80" type="stmt" count="1"/>
        <line num="82" type="stmt" count="1"/>
        <line num="85" type="stmt" count="1"/>
        <line num="95" type="method" name="send" crap="1" count="2"/>
        <line num="99" type="stmt" count="2"/>
        <line num="100" type="stmt" count="2"/>
        <line num="101" type="stmt" count="1"/>
        <line num="102" type="stmt" count="1"/>
        <line num="103" type="stmt" count="1"/>
        <line num="104" type="stmt" count="1"/>
        <line num="105" type="stmt" count="1"/>
        <line num="108" type="stmt" count="1"/>
        <line num="117" type="method" name="balance" crap="1" count="1"/>
        <line num="121" type="stmt" count="1"/>
        <line num="122" type="stmt" count="1"/>
        <line num="124" type="stmt" count="1"/>
        <line num="125" type="stmt" count="1"/>
        <line num="128" type="stmt" count="1"/>
        <metrics loc="130" ncloc="60" classes="1" methods="5" coveredmethods="5" conditionals="0" coveredconditionals="0" statements="22" coveredstatements="22" elements="27" coveredelements="27"/>
      </file>
    </package>
    <package name="SMSFactory">
      <file name="/Users/stanislavmenshykh/phalcon.local/vendor/stanislav-web/phalcon-sms-factory/src/SMSFactory/Sender.php">
        <class name="Sender" namespace="SMSFactory" fullPackage="SMSFactory.SMSFactory" package="SMSFactory" subpackage="SMSFactory">
          <metrics methods="2" coveredmethods="2" conditionals="0" coveredconditionals="0" statements="10" coveredstatements="10" elements="12" coveredelements="12"/>
        </class>
        <line num="26" type="method" name="__construct" crap="2" count="34"/>
        <line num="28" type="stmt" count="34"/>
        <line num="29" type="stmt" count="33"/>
        <line num="30" type="stmt" count="33"/>
        <line num="31" type="stmt" count="1"/>
        <line num="33" type="stmt" count="33"/>
        <line num="47" type="method" name="call" crap="2" count="33"/>
        <line num="50" type="stmt" count="33"/>
        <line num="51" type="stmt" count="33"/>
        <line num="53" type="stmt" count="33"/>
        <line num="56" type="stmt" count="32"/>
        <line num="58" type="stmt" count="1"/>
        <metrics loc="61" ncloc="27" classes="1" methods="2" coveredmethods="2" conditionals="0" coveredconditionals="0" statements="10" coveredstatements="10" elements="12" coveredelements="12"/>
      </file>
    </package>
    <metrics files="23" loc="2172" ncloc="1002" classes="21" methods="87" coveredmethods="84" conditionals="0" coveredconditionals="0" statements="261" coveredstatements="257" elements="348" coveredelements="341"/>
  </project>
</coverage>
